19:06:58.180 [main] INFO  monefy_utils.PropertyUtils - Loading properties from configuration.properties
19:06:58.184 [main] INFO  monefy_utils.PropertyUtils - java.io.BufferedInputStream@7494f96a
19:06:58.185 [main] INFO  monefy_utils.PropertyUtils - File loaded from : java.io.BufferedInputStream@7494f96a
19:06:58.185 [main] INFO  monefy_utils.PropertyUtils - CLosing filejava.io.BufferedInputStream@7494f96a
19:06:58.243 [main] INFO  monefy_utils.TestDataProvider - Reading test data from : src/test/resources/TestData.xlsx
19:06:58.852 [main] INFO  monefy_utils.TestDataProvider - Test Data loaded for  : [createExpense] as [createExpense, 123456789, TestNote, Car]
19:06:58.854 [main] INFO  monefy_utils.TestDataProvider - Removing testname from test data and copying to new data object
19:06:58.855 [main] INFO  monefy_utils.TestDataProvider - Passing [[Ljava.lang.Object;@2a640157] to test -createExpense
19:06:58.859 [main] INFO  monefy_tests.Testbase - Setting up appium
19:06:58.860 [main] INFO  monefy_tests.Testbase - Setting Desired Capabilities for the driver.
19:06:58.861 [main] INFO  monefy_tests.Testbase - Setting Capabilities as Android, 11.0, com.monefy.app.lite_2021-08-21.apk, D:\EclipseWorkspace\monefy\src\test\resources\com.monefy.app.lite_2021-08-21.apk, Pixel_5_API_30, null, false, false
19:07:09.857 [main] INFO  monefy_tests.Testbase - Driver Started
19:07:10.072 [main] INFO  monefy_pageobjects.BasePageObjects - Page factory Elements initialised successfully
19:07:10.140 [main] INFO  monefy_pageobjects.BasePageObjects - Page factory Elements initialised successfully
19:07:11.103 [main] INFO  monefy_pageobjects.ExpenseHomeScreenPO - Located by By.chained({By.id: com.monefy.app.lite:id/expense_button_title})Clicked successfully
19:07:11.106 [main] INFO  monefy_pageobjects.ExpenseHomeScreenPO - Setting amount as 123456789
19:07:19.371 [main] INFO  monefy_pageobjects.ExpenseHomeScreenPO - Setting Note as TestNote
19:07:19.973 [main] INFO  monefy_pageobjects.ExpenseHomeScreenPO - Located by By.chained({By.id: com.monefy.app.lite:id/keyboard_action_button}) Clicked Successfully
19:07:19.973 [main] INFO  monefy_pageobjects.ExpenseHomeScreenPO - Setting category as Car
19:07:23.463 [main] INFO  monefy_pageobjects.ExpenseHomeScreenPO - Success Message is Car: $123456789.00 added
19:07:24.228 [main] INFO  monefy_pageobjects.ExpenseHomeScreenPO - Success Message is Car: $123456789.00 added
19:07:24.231 [main] INFO  monefy_tests.Testbase - Test Case: [monefy_tests.TestCases_createExpense] executed..!
19:07:24.898 [main] INFO  monefy_tests.Testbase - Driver Closed
19:09:15.093 [main] INFO  monefy_utils.PropertyUtils - Loading properties from configuration.properties
19:09:15.098 [main] INFO  monefy_utils.PropertyUtils - java.io.BufferedInputStream@1757cd72
19:09:15.098 [main] INFO  monefy_utils.PropertyUtils - File loaded from : java.io.BufferedInputStream@1757cd72
19:09:15.098 [main] INFO  monefy_utils.PropertyUtils - CLosing filejava.io.BufferedInputStream@1757cd72
19:09:15.152 [main] INFO  monefy_utils.TestDataProvider - Reading test data from : src/test/resources/TestData.xlsx
19:09:15.691 [main] INFO  monefy_utils.TestDataProvider - Test Data loaded for  : [createExpense] as [createExpense, 123456789, TestNote, Car]
19:09:15.694 [main] INFO  monefy_utils.TestDataProvider - Removing testname from test data and copying to new data object
19:09:15.694 [main] INFO  monefy_utils.TestDataProvider - Passing [[Ljava.lang.Object;@52851b44] to test -createExpense
19:09:15.698 [main] INFO  monefy_tests.Testbase - Setting up appium
19:09:15.699 [main] INFO  monefy_tests.Testbase - Setting Desired Capabilities for the driver.
19:09:15.699 [main] INFO  monefy_tests.Testbase - Setting Capabilities as Android, 11.0, com.monefy.app.lite_2021-08-21.apk, D:\EclipseWorkspace\monefy\src\test\resources\com.monefy.app.lite_2021-08-21.apk, Pixel_5_API_30, null, false, false
19:09:25.696 [main] INFO  monefy_tests.Testbase - Driver Started
19:09:26.014 [main] INFO  monefy_pageobjects.BasePageObjects - Page factory Elements initialised successfully
19:09:26.090 [main] INFO  monefy_pageobjects.BasePageObjects - Page factory Elements initialised successfully
19:09:26.913 [main] INFO  monefy_pageobjects.ExpenseHomeScreenPO - Located by By.chained({By.id: com.monefy.app.lite:id/expense_button_title})Clicked successfully
19:09:26.916 [main] INFO  monefy_pageobjects.ExpenseHomeScreenPO - Setting amount as 123456789
19:09:34.633 [main] INFO  monefy_pageobjects.ExpenseHomeScreenPO - Setting Note as TestNote
19:09:35.202 [main] INFO  monefy_pageobjects.ExpenseHomeScreenPO - Located by By.chained({By.id: com.monefy.app.lite:id/keyboard_action_button}) Clicked Successfully
19:09:35.202 [main] INFO  monefy_pageobjects.ExpenseHomeScreenPO - Setting category as Car
19:09:38.533 [main] INFO  monefy_pageobjects.ExpenseHomeScreenPO - Success Message is Car: $123456789.00 added
19:09:38.685 [main] INFO  monefy_pageobjects.ExpenseHomeScreenPO - Success Message is Car: $123456789.00 added
19:09:39.097 [main] INFO  monefy_utils.ScreenshotUtil - Saving Screenshot to : TestCases.createExpense - 06-Sep-2021__07_09_39PM.png
19:09:39.114 [main] INFO  monefy_utils.ScreenshotUtil - Screenshot captured for Pass
19:09:39.114 [main] INFO  monefy_tests.Testbase - Test Case: [monefy_tests.TestCases_createExpense] executed..!
19:09:39.629 [main] INFO  monefy_tests.Testbase - Driver Closed
19:32:39.700 [main] INFO  monefy_utils.PropertyUtils - Loading properties from configuration.properties
19:32:39.709 [main] INFO  monefy_utils.PropertyUtils - java.io.BufferedInputStream@49e5f737
19:32:39.709 [main] INFO  monefy_utils.PropertyUtils - File loaded from : java.io.BufferedInputStream@49e5f737
19:32:39.709 [main] INFO  monefy_utils.PropertyUtils - CLosing filejava.io.BufferedInputStream@49e5f737
19:32:39.760 [main] INFO  monefy_utils.TestDataProvider - Reading test data from : src/test/resources/TestData.xlsx
19:32:40.509 [main] INFO  monefy_utils.TestDataProvider - Test Data loaded for  : [createExpense] as [createExpense, 123456789, TestNote, Car]
19:32:40.511 [main] INFO  monefy_utils.TestDataProvider - Removing testname from test data and copying to new data object
19:32:40.511 [main] INFO  monefy_utils.TestDataProvider - Passing [[Ljava.lang.Object;@5d8bafa9] to test -createExpense
19:32:40.515 [main] INFO  monefy_tests.Testbase - Setting up appium
19:32:40.516 [main] INFO  monefy_tests.Testbase - Setting Desired Capabilities for the driver.
19:32:40.517 [main] INFO  monefy_tests.Testbase - Setting Capabilities as Android, 11.0, com.monefy.app.lite_2021-08-21.apk, D:\EclipseWorkspace\monefy\src\test\resources\com.monefy.app.lite_2021-08-21.apk, Pixel_5_API_30, null, false, false
19:32:50.483 [main] INFO  monefy_tests.Testbase - Driver Started
19:32:50.817 [main] INFO  monefy_pageobjects.BasePageObjects - Page factory Elements initialised successfully
19:32:50.931 [main] INFO  monefy_pageobjects.BasePageObjects - Page factory Elements initialised successfully
19:32:51.658 [main] INFO  monefy_pageobjects.ExpenseHomeScreenPO - Located by By.chained({By.id: com.monefy.app.lite:id/expense_button_title})Clicked successfully
19:32:51.663 [main] INFO  monefy_pageobjects.ExpenseHomeScreenPO - Setting amount as 123456789
19:32:59.404 [main] INFO  monefy_pageobjects.ExpenseHomeScreenPO - Setting Note as TestNote
19:33:00.036 [main] INFO  monefy_pageobjects.ExpenseHomeScreenPO - Located by By.chained({By.id: com.monefy.app.lite:id/keyboard_action_button}) Clicked Successfully
19:33:00.036 [main] INFO  monefy_pageobjects.ExpenseHomeScreenPO - Setting category as Car
19:33:03.499 [main] INFO  monefy_pageobjects.ExpenseHomeScreenPO - Success Message is Car: $123456789.00 added
19:33:03.634 [main] INFO  monefy_pageobjects.ExpenseHomeScreenPO - Success Message is Car: $123456789.00 added
19:33:04.005 [main] INFO  monefy_utils.ScreenshotUtil - Saving Screenshot to : TestCases.createExpense - 06-Sep-2021__07_33_04PM.png
19:33:04.021 [main] INFO  monefy_utils.ScreenshotUtil - Screenshot captured for Pass
19:33:04.022 [main] INFO  monefy_tests.Testbase - Test Case: [monefy_tests.TestCases_createExpense] executed..!
19:33:04.514 [main] INFO  monefy_tests.Testbase - Driver Closed
19:39:34.761 [main] INFO  monefy_utils.PropertyUtils - Loading properties from configuration.properties
19:39:34.766 [main] INFO  monefy_utils.PropertyUtils - java.io.BufferedInputStream@1757cd72
19:39:34.766 [main] INFO  monefy_utils.PropertyUtils - File loaded from : java.io.BufferedInputStream@1757cd72
19:39:34.766 [main] INFO  monefy_utils.PropertyUtils - CLosing filejava.io.BufferedInputStream@1757cd72
19:39:34.817 [main] INFO  monefy_utils.TestDataProvider - Reading test data from : src/test/resources/TestData.xlsx
19:39:35.432 [main] INFO  monefy_utils.TestDataProvider - Test Data loaded for  : [createExpense] as [createExpense, 123456789, TestNote, Car]
19:39:35.435 [main] INFO  monefy_utils.TestDataProvider - Removing testname from test data and copying to new data object
19:39:35.435 [main] INFO  monefy_utils.TestDataProvider - Passing [[Ljava.lang.Object;@52851b44] to test -createExpense
19:39:35.440 [main] INFO  monefy_tests.Testbase - Setting up appium
19:39:35.441 [main] INFO  monefy_tests.Testbase - Setting Desired Capabilities for the driver.
19:39:35.442 [main] INFO  monefy_tests.Testbase - Setting Capabilities as Android, 11.0, com.monefy.app.lite_2021-08-21.apk, D:\EclipseWorkspace\monefy\src\test\resources\com.monefy.app.lite_2021-08-21.apk, Pixel_5_API_30, null, false, false
19:39:44.557 [main] INFO  monefy_tests.Testbase - Driver Started
19:39:44.813 [main] INFO  monefy_pageobjects.BasePageObjects - Page factory Elements initialised successfully
19:39:44.892 [main] INFO  monefy_pageobjects.BasePageObjects - Page factory Elements initialised successfully
19:39:45.787 [main] INFO  monefy_pageobjects.ExpenseHomeScreenPO - Located by By.chained({By.id: com.monefy.app.lite:id/expense_button_title})Clicked successfully
19:39:45.791 [main] INFO  monefy_pageobjects.ExpenseHomeScreenPO - Setting amount as 123456789
19:39:53.555 [main] INFO  monefy_pageobjects.ExpenseHomeScreenPO - Setting Note as TestNote
19:39:54.141 [main] INFO  monefy_pageobjects.ExpenseHomeScreenPO - Located by By.chained({By.id: com.monefy.app.lite:id/keyboard_action_button}) Clicked Successfully
19:39:54.141 [main] INFO  monefy_pageobjects.ExpenseHomeScreenPO - Setting category as Car
19:39:57.438 [main] INFO  monefy_pageobjects.ExpenseHomeScreenPO - Success Message is Car: $123456789.00 added
19:39:57.610 [main] INFO  monefy_pageobjects.ExpenseHomeScreenPO - Success Message is Car: $123456789.00 added
19:39:58.008 [main] INFO  monefy_utils.ScreenshotUtil - Saving Screenshot to : TestCases.createExpense - 06-Sep-2021__07_39_58PM.png
19:39:58.017 [main] INFO  monefy_utils.ScreenshotUtil - Screenshot captured for Pass
19:39:58.018 [main] INFO  monefy_tests.Testbase - Test Case: [monefy_tests.TestCases_createExpense] executed..!
19:39:58.553 [main] INFO  monefy_tests.Testbase - Driver Closed
19:42:46.137 [main] INFO  monefy_utils.PropertyUtils - Loading properties from configuration.properties
19:42:46.142 [main] INFO  monefy_utils.PropertyUtils - java.io.BufferedInputStream@2e377400
19:42:46.142 [main] INFO  monefy_utils.PropertyUtils - File loaded from : java.io.BufferedInputStream@2e377400
19:42:46.143 [main] INFO  monefy_utils.PropertyUtils - CLosing filejava.io.BufferedInputStream@2e377400
19:42:46.194 [main] INFO  monefy_utils.TestDataProvider - Reading test data from : src/test/resources/TestData.xlsx
19:42:46.727 [main] INFO  monefy_utils.TestDataProvider - Test Data loaded for  : [createExpense] as [createExpense, 123456789, TestNote, Car]
19:42:46.729 [main] INFO  monefy_utils.TestDataProvider - Removing testname from test data and copying to new data object
19:42:46.729 [main] INFO  monefy_utils.TestDataProvider - Passing [[Ljava.lang.Object;@2a640157] to test -createExpense
19:42:46.734 [main] INFO  monefy_tests.Testbase - Setting up appium
19:42:46.735 [main] INFO  monefy_tests.Testbase - Setting Desired Capabilities for the driver.
19:42:46.735 [main] INFO  monefy_tests.Testbase - Setting Capabilities as Android, 11.0, com.monefy.app.lite_2021-08-21.apk, D:\EclipseWorkspace\monefy\src\test\resources\com.monefy.app.lite_2021-08-21.apk, Pixel_5_API_30, null, false, false
19:42:59.131 [main] INFO  monefy_utils.PropertyUtils - Loading properties from configuration.properties
19:42:59.135 [main] INFO  monefy_utils.PropertyUtils - java.io.BufferedInputStream@49e5f737
19:42:59.136 [main] INFO  monefy_utils.PropertyUtils - File loaded from : java.io.BufferedInputStream@49e5f737
19:42:59.136 [main] INFO  monefy_utils.PropertyUtils - CLosing filejava.io.BufferedInputStream@49e5f737
19:42:59.184 [main] INFO  monefy_utils.TestDataProvider - Reading test data from : src/test/resources/TestData.xlsx
19:42:59.727 [main] INFO  monefy_utils.TestDataProvider - Test Data loaded for  : [createExpense] as [createExpense, 123456789, TestNote, Car]
19:42:59.730 [main] INFO  monefy_utils.TestDataProvider - Removing testname from test data and copying to new data object
19:42:59.730 [main] INFO  monefy_utils.TestDataProvider - Passing [[Ljava.lang.Object;@5d8bafa9] to test -createExpense
19:42:59.735 [main] INFO  monefy_tests.Testbase - Setting up appium
19:42:59.735 [main] INFO  monefy_tests.Testbase - Setting Desired Capabilities for the driver.
19:42:59.736 [main] INFO  monefy_tests.Testbase - Setting Capabilities as Android, 11.0, com.monefy.app.lite_2021-08-21.apk, D:\EclipseWorkspace\monefy\src\test\resources\com.monefy.app.lite_2021-08-21.apk, Pixel_5_API_30, null, false, false
19:43:10.667 [main] INFO  monefy_tests.Testbase - Driver Started
19:43:10.932 [main] INFO  monefy_pageobjects.BasePageObjects - Page factory Elements initialised successfully
19:43:10.991 [main] INFO  monefy_pageobjects.BasePageObjects - Page factory Elements initialised successfully
19:43:11.906 [main] INFO  monefy_pageobjects.ExpenseHomeScreenPO - Located by By.chained({By.id: com.monefy.app.lite:id/expense_button_title})Clicked successfully
19:43:11.910 [main] INFO  monefy_pageobjects.ExpenseHomeScreenPO - Setting amount as 123456789
19:43:20.085 [main] INFO  monefy_pageobjects.ExpenseHomeScreenPO - Setting Note as TestNote
19:43:20.670 [main] INFO  monefy_pageobjects.ExpenseHomeScreenPO - Located by By.chained({By.id: com.monefy.app.lite:id/keyboard_action_button}) Clicked Successfully
19:43:20.670 [main] INFO  monefy_pageobjects.ExpenseHomeScreenPO - Setting category as Car
19:43:24.098 [main] INFO  monefy_pageobjects.ExpenseHomeScreenPO - Success Message is Car: $123456789.00 added
19:43:24.853 [main] INFO  monefy_pageobjects.ExpenseHomeScreenPO - Success Message is Car: $123456789.00 added
19:43:25.310 [main] INFO  monefy_utils.ScreenshotUtil - Saving Screenshot to : TestCases.createExpense - 06-Sep-2021__07_43_25PM.png
19:43:25.319 [main] INFO  monefy_utils.ScreenshotUtil - Screenshot captured for Pass
19:43:25.319 [main] INFO  monefy_tests.Testbase - Test Case: [monefy_tests.TestCases_createExpense] executed..!
19:43:25.809 [main] INFO  monefy_tests.Testbase - Driver Closed
19:57:00.130 [main] INFO  monefy_utils.PropertyUtils - Loading properties from configuration.properties
19:57:00.137 [main] INFO  monefy_utils.PropertyUtils - java.io.BufferedInputStream@5c671d7f
19:57:00.138 [main] INFO  monefy_utils.PropertyUtils - File loaded from : java.io.BufferedInputStream@5c671d7f
19:57:00.138 [main] INFO  monefy_utils.PropertyUtils - CLosing filejava.io.BufferedInputStream@5c671d7f
19:57:00.194 [main] INFO  monefy_utils.TestDataProvider - Reading test data from : src/test/resources/TestData.xlsx
19:57:01.080 [main] INFO  monefy_utils.TestDataProvider - Test Data loaded for  : [createExpense] as [createExpense, 123456789, TestNote, Car]
19:57:01.082 [main] INFO  monefy_utils.TestDataProvider - Removing testname from test data and copying to new data object
19:57:01.083 [main] INFO  monefy_utils.TestDataProvider - Passing [[Ljava.lang.Object;@576f63f6] to test -createExpense
19:57:01.089 [main] INFO  monefy_tests.Testbase - Setting up appium
19:57:01.090 [main] INFO  monefy_tests.Testbase - Setting Desired Capabilities for the driver.
19:57:01.090 [main] INFO  monefy_tests.Testbase - Setting Capabilities as Android, 11.0, com.monefy.app.lite_2021-08-21.apk, D:\EclipseWorkspace\monefy\src\test\resources\com.monefy.app.lite_2021-08-21.apk, Pixel_5_API_30, null, false, false
19:57:01.942 [main] INFO  monefy_tests.Testbase - Test Case: [monefy_tests.TestCases_createExpense] executed..!
19:58:22.928 [main] INFO  monefy_utils.PropertyUtils - Loading properties from configuration.properties
19:58:22.935 [main] INFO  monefy_utils.PropertyUtils - java.io.BufferedInputStream@5c671d7f
19:58:22.935 [main] INFO  monefy_utils.PropertyUtils - File loaded from : java.io.BufferedInputStream@5c671d7f
19:58:22.935 [main] INFO  monefy_utils.PropertyUtils - CLosing filejava.io.BufferedInputStream@5c671d7f
19:58:22.984 [main] INFO  monefy_utils.TestDataProvider - Reading test data from : src/main/resources/TestData.xlsx
19:58:23.513 [main] INFO  monefy_utils.TestDataProvider - Test Data loaded for  : [createExpense] as [createExpense, 123456789, TestNote, Car]
19:58:23.516 [main] INFO  monefy_utils.TestDataProvider - Removing testname from test data and copying to new data object
19:58:23.516 [main] INFO  monefy_utils.TestDataProvider - Passing [[Ljava.lang.Object;@576f63f6] to test -createExpense
19:58:23.520 [main] INFO  monefy_tests.Testbase - Setting up appium
19:58:23.522 [main] INFO  monefy_tests.Testbase - Setting Desired Capabilities for the driver.
19:58:23.522 [main] INFO  monefy_tests.Testbase - Setting Capabilities as Android, 11.0, com.monefy.app.lite_2021-08-21.apk, D:\EclipseWorkspace\monefy\src\main\resources\com.monefy.app.lite_2021-08-21.apk, Pixel_5_API_30, null, false, false
19:58:32.894 [main] INFO  monefy_tests.Testbase - Driver Started
19:58:33.093 [main] INFO  monefy_pageobjects.BasePageObjects - Page factory Elements initialised successfully
19:58:33.165 [main] INFO  monefy_pageobjects.BasePageObjects - Page factory Elements initialised successfully
19:58:34.115 [main] INFO  monefy_pageobjects.ExpenseHomeScreenPO - Located by By.chained({By.id: com.monefy.app.lite:id/expense_button_title})Clicked successfully
19:58:34.120 [main] INFO  monefy_pageobjects.ExpenseHomeScreenPO - Setting amount as 123456789
19:58:42.351 [main] INFO  monefy_pageobjects.ExpenseHomeScreenPO - Setting Note as TestNote
19:58:42.926 [main] INFO  monefy_pageobjects.ExpenseHomeScreenPO - Located by By.chained({By.id: com.monefy.app.lite:id/keyboard_action_button}) Clicked Successfully
19:58:42.927 [main] INFO  monefy_pageobjects.ExpenseHomeScreenPO - Setting category as Car
19:58:46.258 [main] INFO  monefy_pageobjects.ExpenseHomeScreenPO - Success Message is Car: $123456789.00 added
19:58:46.409 [main] INFO  monefy_pageobjects.ExpenseHomeScreenPO - Success Message is Car: $123456789.00 added
19:58:46.777 [main] INFO  monefy_utils.ScreenshotUtil - Saving Screenshot to : TestCases.createExpense - 06-Sep-2021__07_58_46PM.png
19:58:46.787 [main] INFO  monefy_utils.ScreenshotUtil - Screenshot captured for Pass
19:58:46.788 [main] INFO  monefy_tests.Testbase - Test Case: [monefy_tests.TestCases_createExpense] executed..!
19:58:47.332 [main] INFO  monefy_tests.Testbase - Driver Closed
20:21:23.857 [main] INFO  monefy_utils.PropertyUtils - Loading properties from configuration.properties
20:21:23.865 [main] INFO  monefy_utils.PropertyUtils - java.io.BufferedInputStream@5c671d7f
20:21:23.866 [main] INFO  monefy_utils.PropertyUtils - File loaded from : java.io.BufferedInputStream@5c671d7f
20:21:23.866 [main] INFO  monefy_utils.PropertyUtils - CLosing filejava.io.BufferedInputStream@5c671d7f
20:21:23.918 [main] INFO  monefy_utils.TestDataProvider - Reading test data from : src/test/resources/TestData.xlsx
20:21:24.681 [main] INFO  monefy_utils.TestDataProvider - Test Data loaded for  : [createExpense] as [createExpense, 123456789, TestNote, Car]
20:21:24.683 [main] INFO  monefy_utils.TestDataProvider - Removing testname from test data and copying to new data object
20:21:24.683 [main] INFO  monefy_utils.TestDataProvider - Passing [[Ljava.lang.Object;@576f63f6] to test -createExpense
20:21:24.688 [main] INFO  monefy_tests.Testbase - Setting up appium
20:21:24.689 [main] INFO  monefy_tests.Testbase - Setting Desired Capabilities for the driver.
20:21:24.690 [main] INFO  monefy_tests.Testbase - Setting Capabilities as Android, 11.0, com.monefy.app.lite_2021-08-21.apk, D:\EclipseWorkspace\monefy\src\main\resources\com.monefy.app.lite_2021-08-21.apk, Pixel_5_API_30, null, false, false
20:21:34.732 [main] INFO  monefy_tests.Testbase - Driver Started
20:21:35.034 [main] INFO  monefy_pageobjects.BasePageObjects - Page factory Elements initialised successfully
20:21:35.095 [main] INFO  monefy_pageobjects.BasePageObjects - Page factory Elements initialised successfully
20:21:35.914 [main] INFO  monefy_pageobjects.ExpenseHomeScreenPO - Located by By.chained({By.id: com.monefy.app.lite:id/expense_button_title})Clicked successfully
20:21:35.918 [main] INFO  monefy_pageobjects.ExpenseHomeScreenPO - Setting amount as 123456789
20:21:43.416 [main] INFO  monefy_pageobjects.ExpenseHomeScreenPO - Setting Note as TestNote
20:21:44.029 [main] INFO  monefy_pageobjects.ExpenseHomeScreenPO - Located by By.chained({By.id: com.monefy.app.lite:id/keyboard_action_button}) Clicked Successfully
20:21:44.029 [main] INFO  monefy_pageobjects.ExpenseHomeScreenPO - Setting expense category as Car
20:21:47.719 [main] INFO  monefy_pageobjects.ExpenseHomeScreenPO - Success Message is Car: $123456789.00 added
20:21:48.464 [main] INFO  monefy_pageobjects.ExpenseHomeScreenPO - Success Message is Car: $123456789.00 added
20:21:48.973 [main] INFO  monefy_utils.ScreenshotUtil - Saving Screenshot to : TestCases.createExpense - 06-Sep-2021__08_21_48PM.png
20:21:48.991 [main] INFO  monefy_utils.ScreenshotUtil - Screenshot captured for Pass
20:21:48.992 [main] INFO  monefy_tests.Testbase - Test Case: [monefy_tests.TestCases_createExpense] executed..!
20:21:49.420 [main] INFO  monefy_tests.Testbase - Driver Closed
20:22:37.101 [main] INFO  monefy_utils.PropertyUtils - Loading properties from configuration.properties
20:22:37.106 [main] INFO  monefy_utils.PropertyUtils - java.io.BufferedInputStream@561b6512
20:22:37.106 [main] INFO  monefy_utils.PropertyUtils - File loaded from : java.io.BufferedInputStream@561b6512
20:22:37.106 [main] INFO  monefy_utils.PropertyUtils - CLosing filejava.io.BufferedInputStream@561b6512
20:22:37.158 [main] INFO  monefy_utils.TestDataProvider - Reading test data from : src/test/resources/TestData.xlsx
20:22:37.765 [main] INFO  monefy_utils.TestDataProvider - Test Data loaded for  : [createIncome] as [createIncome, 55009.45, TestNote, Salary]
20:22:37.769 [main] INFO  monefy_utils.TestDataProvider - Removing testname from test data and copying to new data object
20:22:37.769 [main] INFO  monefy_utils.TestDataProvider - Passing [[Ljava.lang.Object;@550a1967] to test -createIncome
20:22:37.773 [main] INFO  monefy_tests.Testbase - Setting up appium
20:22:37.774 [main] INFO  monefy_tests.Testbase - Setting Desired Capabilities for the driver.
20:22:37.775 [main] INFO  monefy_tests.Testbase - Setting Capabilities as Android, 11.0, com.monefy.app.lite_2021-08-21.apk, D:\EclipseWorkspace\monefy\src\main\resources\com.monefy.app.lite_2021-08-21.apk, Pixel_5_API_30, null, false, false
20:22:47.549 [main] INFO  monefy_tests.Testbase - Driver Started
20:22:47.783 [main] INFO  monefy_pageobjects.BasePageObjects - Page factory Elements initialised successfully
20:22:47.868 [main] INFO  monefy_pageobjects.BasePageObjects - Page factory Elements initialised successfully
20:22:48.835 [main] INFO  monefy_pageobjects.ExpenseHomeScreenPO - Located by By.chained({By.id: com.monefy.app.lite:id/income_button_title})Clicked successfully
20:22:48.839 [main] INFO  monefy_pageobjects.ExpenseHomeScreenPO - Setting amount as 55009.45
20:22:56.630 [main] INFO  monefy_pageobjects.ExpenseHomeScreenPO - Setting Note as TestNote
20:22:57.214 [main] INFO  monefy_pageobjects.ExpenseHomeScreenPO - Located by By.chained({By.id: com.monefy.app.lite:id/keyboard_action_button}) Clicked Successfully
20:22:57.215 [main] INFO  monefy_pageobjects.ExpenseHomeScreenPO - Setting Income category as Salary
20:22:58.295 [main] INFO  monefy_tests.Testbase - Test Case: [monefy_tests.TestCases_createIncome] executed..!
20:22:58.854 [main] INFO  monefy_tests.Testbase - Driver Closed
20:26:25.662 [main] INFO  monefy_utils.PropertyUtils - Loading properties from configuration.properties
20:26:25.668 [main] INFO  monefy_utils.PropertyUtils - java.io.BufferedInputStream@7803bfd
20:26:25.668 [main] INFO  monefy_utils.PropertyUtils - File loaded from : java.io.BufferedInputStream@7803bfd
20:26:25.668 [main] INFO  monefy_utils.PropertyUtils - CLosing filejava.io.BufferedInputStream@7803bfd
20:26:25.726 [main] INFO  monefy_utils.TestDataProvider - Reading test data from : src/test/resources/TestData.xlsx
20:26:26.340 [main] INFO  monefy_utils.TestDataProvider - Test Data loaded for  : [createExpense] as [createExpense, 123456789, TestNote, Car]
20:26:26.342 [main] INFO  monefy_utils.TestDataProvider - Removing testname from test data and copying to new data object
20:26:26.342 [main] INFO  monefy_utils.TestDataProvider - Passing [[Ljava.lang.Object;@6b587673] to test -createExpense
20:26:26.348 [main] INFO  monefy_tests.Testbase - Setting up appium
20:26:26.350 [main] INFO  monefy_tests.Testbase - Setting Desired Capabilities for the driver.
20:26:26.350 [main] INFO  monefy_tests.Testbase - Setting Capabilities as Android, 11.0, com.monefy.app.lite_2021-08-21.apk, D:\EclipseWorkspace\monefy\src\main\resources\com.monefy.app.lite_2021-08-21.apk, Pixel_5_API_30, null, false, false
20:26:36.257 [main] INFO  monefy_tests.Testbase - Driver Started
20:26:36.618 [main] INFO  monefy_pageobjects.BasePageObjects - Page factory Elements initialised successfully
20:26:36.773 [main] INFO  monefy_pageobjects.BasePageObjects - Page factory Elements initialised successfully
20:26:37.325 [main] INFO  monefy_pageobjects.ExpenseHomeScreenPO - Located by By.chained({By.id: com.monefy.app.lite:id/expense_button_title})Clicked successfully
20:26:37.331 [main] INFO  monefy_pageobjects.ExpenseHomeScreenPO - Setting amount as 123456789
20:26:45.277 [main] INFO  monefy_pageobjects.ExpenseHomeScreenPO - Setting Note as TestNote
20:26:45.864 [main] INFO  monefy_pageobjects.ExpenseHomeScreenPO - Located by By.chained({By.id: com.monefy.app.lite:id/keyboard_action_button}) Clicked Successfully
20:26:45.864 [main] INFO  monefy_pageobjects.ExpenseHomeScreenPO - Setting expense category as Car
20:26:49.426 [main] INFO  monefy_pageobjects.ExpenseHomeScreenPO - Success Message is Car: $123456789.00 added
20:26:49.571 [main] INFO  monefy_pageobjects.ExpenseHomeScreenPO - Success Message is Car: $123456789.00 added
20:26:49.575 [main] INFO  monefy_tests.Testbase - Test Case: [monefy_tests.TestCases_createExpense] executed..!
20:26:49.575 [main] INFO  monefy_utils.TestDataProvider - Reading test data from : src/test/resources/TestData.xlsx
20:26:49.634 [main] INFO  monefy_utils.TestDataProvider - Test Data loaded for  : [createIncome] as [createIncome, 55009.45, TestNote, Salary]
20:26:49.640 [main] INFO  monefy_utils.TestDataProvider - Removing testname from test data and copying to new data object
20:26:49.640 [main] INFO  monefy_utils.TestDataProvider - Passing [[Ljava.lang.Object;@267cde2e] to test -createIncome
20:26:49.640 [main] INFO  monefy_tests.Testbase - Setting up appium
20:26:49.640 [main] INFO  monefy_tests.Testbase - Setting Desired Capabilities for the driver.
20:26:49.641 [main] INFO  monefy_tests.Testbase - Setting Capabilities as Android, 11.0, com.monefy.app.lite_2021-08-21.apk, D:\EclipseWorkspace\monefy\src\main\resources\com.monefy.app.lite_2021-08-21.apk, Pixel_5_API_30, null, false, false
20:27:01.532 [main] INFO  monefy_tests.Testbase - Driver Started
20:27:01.602 [main] INFO  monefy_pageobjects.BasePageObjects - Page factory Elements initialised successfully
20:27:01.662 [main] INFO  monefy_pageobjects.BasePageObjects - Page factory Elements initialised successfully
20:27:02.737 [main] INFO  monefy_pageobjects.ExpenseHomeScreenPO - Located by By.chained({By.id: com.monefy.app.lite:id/income_button_title})Clicked successfully
20:27:02.741 [main] INFO  monefy_pageobjects.ExpenseHomeScreenPO - Setting amount as 55009.45
20:27:10.704 [main] INFO  monefy_pageobjects.ExpenseHomeScreenPO - Setting Note as TestNote
20:27:11.282 [main] INFO  monefy_pageobjects.ExpenseHomeScreenPO - Located by By.chained({By.id: com.monefy.app.lite:id/keyboard_action_button}) Clicked Successfully
20:28:34.987 [main] INFO  monefy_utils.PropertyUtils - Loading properties from configuration.properties
20:28:34.992 [main] INFO  monefy_utils.PropertyUtils - java.io.BufferedInputStream@561b6512
20:28:34.992 [main] INFO  monefy_utils.PropertyUtils - File loaded from : java.io.BufferedInputStream@561b6512
20:28:34.992 [main] INFO  monefy_utils.PropertyUtils - CLosing filejava.io.BufferedInputStream@561b6512
20:28:35.042 [main] INFO  monefy_utils.TestDataProvider - Reading test data from : src/test/resources/TestData.xlsx
20:28:35.585 [main] INFO  monefy_utils.TestDataProvider - Test Data loaded for  : [createIncome] as [createIncome, 55009.45, TestNote, Salary]
20:28:35.588 [main] INFO  monefy_utils.TestDataProvider - Removing testname from test data and copying to new data object
20:28:35.588 [main] INFO  monefy_utils.TestDataProvider - Passing [[Ljava.lang.Object;@550a1967] to test -createIncome
20:28:35.593 [main] INFO  monefy_tests.Testbase - Setting up appium
20:28:35.594 [main] INFO  monefy_tests.Testbase - Setting Desired Capabilities for the driver.
20:28:35.594 [main] INFO  monefy_tests.Testbase - Setting Capabilities as Android, 11.0, com.monefy.app.lite_2021-08-21.apk, D:\EclipseWorkspace\monefy\src\main\resources\com.monefy.app.lite_2021-08-21.apk, Pixel_5_API_30, null, false, false
20:28:46.893 [main] INFO  monefy_tests.Testbase - Driver Started
20:28:47.167 [main] INFO  monefy_pageobjects.BasePageObjects - Page factory Elements initialised successfully
20:28:47.258 [main] INFO  monefy_pageobjects.BasePageObjects - Page factory Elements initialised successfully
20:28:48.116 [main] INFO  monefy_pageobjects.ExpenseHomeScreenPO - Located by By.chained({By.id: com.monefy.app.lite:id/income_button_title})Clicked successfully
20:28:48.121 [main] INFO  monefy_pageobjects.ExpenseHomeScreenPO - Setting amount as 55009.45
20:28:55.504 [main] INFO  monefy_pageobjects.ExpenseHomeScreenPO - Setting Note as TestNote
20:28:56.080 [main] INFO  monefy_pageobjects.ExpenseHomeScreenPO - Located by By.chained({By.id: com.monefy.app.lite:id/keyboard_action_button}) Clicked Successfully
20:28:56.080 [main] INFO  monefy_pageobjects.ExpenseHomeScreenPO - Setting Income category as Salary
20:28:59.829 [main] INFO  monefy_pageobjects.ExpenseHomeScreenPO - Success Message is Salary: $55009.45 added
20:29:00.001 [main] INFO  monefy_pageobjects.ExpenseHomeScreenPO - Success Message is Salary: $55009.45 added
20:29:00.004 [main] INFO  monefy_tests.Testbase - Test Case: [monefy_tests.TestCases_createIncome] executed..!
20:29:00.973 [main] INFO  monefy_tests.Testbase - Driver Closed
22:43:31.601 [main] INFO  monefy_utils.PropertyUtils - Loading properties from configuration.properties
22:43:31.628 [main] INFO  monefy_utils.PropertyUtils - java.io.BufferedInputStream@25aca718
22:43:31.630 [main] INFO  monefy_utils.PropertyUtils - File loaded from : java.io.BufferedInputStream@25aca718
22:43:31.630 [main] INFO  monefy_utils.PropertyUtils - CLosing filejava.io.BufferedInputStream@25aca718
22:43:31.923 [main] INFO  monefy_utils.TestDataProvider - Reading test data from : src/test/resources/TestData.xlsx
22:43:33.880 [main] INFO  monefy_utils.TestDataProvider - Test Data loaded for  : [createExpenseWithDate] as [createExpenseWithDate, 100.45, Spent on Groceries, Food, 12/31/21]
22:43:33.900 [main] INFO  monefy_utils.TestDataProvider - Removing testname from test data and copying to new data object
22:43:33.900 [main] INFO  monefy_utils.TestDataProvider - Passing [[Ljava.lang.Object;@76075d65] to test -createExpenseWithDate
22:43:33.925 [main] INFO  monefy_tests.Testbase - Setting up appium
22:43:33.929 [main] INFO  monefy_tests.Testbase - Setting Desired Capabilities for the driver.
22:43:33.930 [main] INFO  monefy_tests.Testbase - Setting Capabilities as Android, 11.0, com.monefy.app.lite_2021-08-21.apk, D:\EclipseWorkspace\monefy\src\main\resources\com.monefy.app.lite_2021-08-21.apk, Pixel_5_API_30, null, false, false
22:43:59.968 [main] INFO  monefy_tests.Testbase - Driver Started
22:44:00.409 [main] INFO  monefy_pageobjects.BasePageObjects - Page factory Elements initialised successfully
22:44:00.504 [main] INFO  monefy_pageobjects.BasePageObjects - Page factory Elements initialised successfully
22:44:26.014 [main] INFO  monefy_pageobjects.ExpenseHomeScreenPO - Located by By.chained({By.id: com.monefy.app.lite:id/expense_button_title})Clicked successfully
22:44:31.148 [main] INFO  monefy_pageobjects.ExpenseHomeScreenPO - Located by By.chained({By.id: com.monefy.app.lite:id/textViewDate}) Clicked successfully
22:44:37.754 [main] INFO  monefy_tests.Testbase - Test Case: [monefy_tests.TestCases_createExpenseWithDate] executed..!
22:44:48.609 [main] INFO  monefy_tests.Testbase - Driver Closed
22:50:47.452 [main] INFO  monefy_utils.PropertyUtils - Loading properties from configuration.properties
22:50:47.467 [main] INFO  monefy_utils.PropertyUtils - java.io.BufferedInputStream@1afdd473
22:50:47.468 [main] INFO  monefy_utils.PropertyUtils - File loaded from : java.io.BufferedInputStream@1afdd473
22:50:47.468 [main] INFO  monefy_utils.PropertyUtils - CLosing filejava.io.BufferedInputStream@1afdd473
22:50:47.623 [main] INFO  monefy_utils.TestDataProvider - Reading test data from : src/test/resources/TestData.xlsx
22:50:48.993 [main] INFO  monefy_utils.TestDataProvider - Test Data loaded for  : [createExpenseWithDate] as [createExpenseWithDate, 100.45, Spent on Groceries, Food, 12/31/21]
22:50:48.997 [main] INFO  monefy_utils.TestDataProvider - Removing testname from test data and copying to new data object
22:50:48.997 [main] INFO  monefy_utils.TestDataProvider - Passing [[Ljava.lang.Object;@383790cf] to test -createExpenseWithDate
22:50:49.011 [main] INFO  monefy_tests.Testbase - Setting up appium
22:50:49.014 [main] INFO  monefy_tests.Testbase - Setting Desired Capabilities for the driver.
22:50:49.014 [main] INFO  monefy_tests.Testbase - Setting Capabilities as Android, 11.0, com.monefy.app.lite_2021-08-21.apk, D:\EclipseWorkspace\monefy\src\main\resources\com.monefy.app.lite_2021-08-21.apk, Pixel_5_API_30, null, false, false
22:51:10.712 [main] INFO  monefy_tests.Testbase - Driver Started
22:51:11.066 [main] INFO  monefy_pageobjects.BasePageObjects - Page factory Elements initialised successfully
22:51:11.384 [main] INFO  monefy_pageobjects.BasePageObjects - Page factory Elements initialised successfully
22:51:19.490 [main] INFO  monefy_pageobjects.ExpenseHomeScreenPO - Located by By.chained({By.id: com.monefy.app.lite:id/expense_button_title})Clicked successfully
22:51:22.594 [main] INFO  monefy_pageobjects.ExpenseHomeScreenPO - Located by By.chained({By.id: com.monefy.app.lite:id/textViewDate}) Clicked successfully
